#
# There is insufficient memory for the Java Runtime Environment to continue.
# Native memory allocation (mmap) failed to map 398458880 bytes. Error detail: G1 virtual space
# Possible reasons:
#   The system is out of physical RAM or swap space
#   This process is running with CompressedOops enabled, and the Java Heap may be blocking the growth of the native heap
# Possible solutions:
#   Reduce memory load on the system
#   Increase physical memory or swap space
#   Check if swap backing store is full
#   Decrease Java heap size (-Xmx/-Xms)
#   Decrease number of Java threads
#   Decrease Java thread stack sizes (-Xss)
#   Set larger code cache with -XX:ReservedCodeCacheSize=
#   JVM is running with Zero Based Compressed Oops mode in which the Java heap is
#     placed in the first 32GB address space. The Java Heap base address is the
#     maximum limit for the native heap growth. Please use -XX:HeapBaseMinAddress
#     to set the Java Heap base and to place the Java Heap above 32GB virtual address.
# This output file may be truncated or incomplete.
#
#  Out of Memory Error (os_windows.cpp:3925), pid=31428, tid=23216
#
# JRE version:  (21.0.9) (build )
# Java VM: OpenJDK 64-Bit Server VM (21.0.9+-14649483-b1163.86, mixed mode, sharing, tiered, compressed oops, compressed class ptrs, g1 gc, windows-amd64)
# No core dump will be written. Minidumps are not enabled by default on client versions of Windows
#

---------------  S U M M A R Y ------------

Command Line: org.jetbrains.kotlin.cli.jvm.K2JVMCompiler @C:\Users\supreet\AndroidStudioProjects\vidyavahini\app\build\20260514_15460952702893305665.compiler.options

Host: 13th Gen Intel(R) Core(TM) i5-13450HX, 16 cores, 23G,  Windows 11 , 64 bit Build 26100 (10.0.26100.8328)
Time: Thu May 14 05:15:44 2026 India Standard Time elapsed time: 0.009899 seconds (0d 0h 0m 0s)

---------------  T H R E A D  ---------------

Current thread (0x000001e366af73d0):  JavaThread "Unknown thread" [_thread_in_vm, id=23216, stack(0x0000006ca9400000,0x0000006ca9500000) (1024K)]

Stack: [0x0000006ca9400000,0x0000006ca9500000]
Native frames: (J=compiled Java code, j=interpreted, Vv=VM code, C=native code)
V  [jvm.dll+0x6d6c99]
V  [jvm.dll+0x866b83]
V  [jvm.dll+0x86919e]
V  [jvm.dll+0x869883]
V  [jvm.dll+0x280776]
V  [jvm.dll+0x6d3555]
V  [jvm.dll+0x6c6bea]
V  [jvm.dll+0x3587fb]
V  [jvm.dll+0x360476]
V  [jvm.dll+0x3b2646]
V  [jvm.dll+0x3b2918]
V  [jvm.dll+0x32af0c]
V  [jvm.dll+0x32bbfb]
V  [jvm.dll+0x82e839]
V  [jvm.dll+0x3bf818]
V  [jvm.dll+0x8179d8]
V  [jvm.dll+0x453cbe]
V  [jvm.dll+0x455421]
C  [jli.dll+0x52ab]
C  [ucrtbase.dll+0x37b0]
C  [KERNEL32.DLL+0x2e957]
C  [ntdll.dll+0x427c]


---------------  P R O C E S S  ---------------

Threads class SMR info:
_java_thread_list=0x00007ffb3cfdb988, length=0, elements={
}

Java Threads: ( => current thread )
Total: 0

Other Threads:
  0x000001e366acfe60 WorkerThread "GC Thread#0"                     [id=23908, stack(0x0000006ca9500000,0x0000006ca9600000) (1024K)]
  0x000001e3690347f0 ConcurrentGCThread "G1 Main Marker"            [id=15060, stack(0x0000006ca9600000,0x0000006ca9700000) (1024K)]
  0x000001e366acefe0 WorkerThread "G1 Conc#0"                       [id=15788, stack(0x0000006ca9700000,0x0000006ca9800000) (1024K)]

[error occurred during error reporting (printing all threads), id 0xc0000005, EXCEPTION_ACCESS_VIOLATION (0xc0000005) at pc=0x00007ffb3c7cdee7]
VM state: not at safepoint (not fully initialized)

VM Mutex/Monitor currently owned by a thread:  ([mutex/lock_event])
[0x00007ffb3d048790] Heap_lock - owner thread: 0x000001e366af73d0

Heap address: 0x0000000684800000, size: 6072 MB, Compressed Oops mode: Zero based, Oop shift amount: 3

CDS archive(s) mapped at: [0x0000000000000000-0x0000000000000000-0x0000000000000000), size 0, SharedBaseAddress: 0x0000000800000000, ArchiveRelocationMode: 1.
Narrow klass base: 0x0000000000000000, Narrow klass shift: 0, Narrow klass range: 0x0

GC Precious Log:
 CardTable entry size: 512
 Card Set container configuration: InlinePtr #cards 4 size 8 Array Of Cards #cards 32 size 80 Howl #buckets 8 coarsen threshold 7372 Howl Bitmap #cards 1024 size 144 coarsen threshold 921 Card regions per heap region 1 cards per card region 8192

Heap:
 garbage-first heap   total 0K, used 0K [0x0000000684800000, 0x0000000800000000)
  region size 4096K, 0 young (0K), 0 survivors (0K)
 Metaspace       used 0K, committed 0K, reserved 0K
  class space    used 0K, committed 0K, reserved 0K

Heap Regions: E=young(eden), S=young(survivor), O=old, HS=humongous(starts), HC=humongous(continues), CS=collection set, F=free, TAMS=top-at-mark-start, PB=parsable bottom

Card table byte_map: [0x000001e37c580000,0x000001e37d160000] _byte_map_base: 0x000001e37915c000

Marking Bits: (CMBitMap*) 0x000001e369027f50
 Bits: [0x000001e300000000, 0x000001e305ee0000)

GC Heap History (0 events):
No events

Dll operation events (1 events):
Event: 0.006 Loaded shared library C:\Program Files\Android\Android Studio\jbr\bin\java.dll

Deoptimization events (0 events):
No events

Classes loaded (0 events):
No events

Classes unloaded (0 events):
No events

Classes redefined (0 events):
No events

Internal exceptions (0 events):
No events

ZGC Phase Switch (0 events):
No events

VM Operations (0 events):
No events

Memory protections (0 events):
No events

Nmethod flushes (0 events):
No events

Events (0 events):
No events


Dynamic libraries:
0x00007ff6d5440000 - 0x00007ff6d544a000 	C:\Program Files\Android\Android Studio\jbr\bin\java.exe
0x00007ffc26f60000 - 0x00007ffc271c7000 	C:\Windows\SYSTEM32\ntdll.dll
0x00007ffc25d80000 - 0x00007ffc25e49000 	C:\Windows\System32\KERNEL32.DLL
0x00007ffc23df0000 - 0x00007ffc241e7000 	C:\Windows\System32\KERNELBASE.dll
0x00007ffc23bc0000 - 0x00007ffc23d0b000 	C:\Windows\System32\ucrtbase.dll
0x00007ffc180e0000 - 0x00007ffc180f8000 	C:\Program Files\Android\Android Studio\jbr\bin\jli.dll
0x00007ffc18990000 - 0x00007ffc189ab000 	C:\Program Files\Android\Android Studio\jbr\bin\VCRUNTIME140.dll
0x00007ffc25020000 - 0x00007ffc251e6000 	C:\Windows\System32\USER32.dll
0x00007ffbf84d0000 - 0x00007ffbf8762000 	C:\Windows\WinSxS\amd64_microsoft.windows.common-controls_6595b64144ccf1df_6.0.26100.8328_none_3e08182ce334b678\COMCTL32.dll
0x00007ffc23dc0000 - 0x00007ffc23de7000 	C:\Windows\System32\win32u.dll
0x00007ffc267d0000 - 0x00007ffc26879000 	C:\Windows\System32\msvcrt.dll
0x00007ffc24d20000 - 0x00007ffc24d4b000 	C:\Windows\System32\GDI32.dll
0x00007ffc241f0000 - 0x00007ffc2431c000 	C:\Windows\System32\gdi32full.dll
0x00007ffc23d10000 - 0x00007ffc23db3000 	C:\Windows\System32\msvcp_win.dll
0x00007ffc24ce0000 - 0x00007ffc24d12000 	C:\Windows\System32\IMM32.DLL
0x00007ffbfb360000 - 0x00007ffbfb452000 	C:\Program Files\Windhawk\Engine\1.6.1\64\windhawk.dll
0x00007ffc24de0000 - 0x00007ffc24e96000 	C:\Windows\System32\ADVAPI32.dll
0x00007ffc26290000 - 0x00007ffc26337000 	C:\Windows\System32\sechost.dll
0x00007ffc25f90000 - 0x00007ffc260a8000 	C:\Windows\System32\RPCRT4.dll
0x00007ffc1d110000 - 0x00007ffc1d11c000 	C:\Program Files\Android\Android Studio\jbr\bin\vcruntime140_1.dll
0x00007ffb903a0000 - 0x00007ffb9042d000 	C:\Program Files\Android\Android Studio\jbr\bin\msvcp140.dll
0x00007ffb3c490000 - 0x00007ffb3d126000 	C:\Program Files\Android\Android Studio\jbr\bin\server\jvm.dll
0x00007ffc25410000 - 0x00007ffc25490000 	C:\Windows\System32\WS2_32.dll
0x00007ffc22560000 - 0x00007ffc225be000 	C:\Windows\SYSTEM32\POWRPROF.dll
0x00007ffc16460000 - 0x00007ffc1646b000 	C:\Windows\SYSTEM32\VERSION.dll
0x00007ffc20d30000 - 0x00007ffc20d66000 	C:\Windows\SYSTEM32\WINMM.dll
0x00007ffc22540000 - 0x00007ffc22554000 	C:\Windows\SYSTEM32\UMPDC.dll
0x00007ffc22810000 - 0x00007ffc2282b000 	C:\Windows\SYSTEM32\kernel.appcore.dll
0x00007ffc1a1b0000 - 0x00007ffc1a1ba000 	C:\Program Files\Android\Android Studio\jbr\bin\jimage.dll
0x00007ffc21810000 - 0x00007ffc21a52000 	C:\Windows\SYSTEM32\DBGHELP.DLL
0x00007ffc26880000 - 0x00007ffc26c03000 	C:\Windows\System32\combase.dll
0x00007ffc25ea0000 - 0x00007ffc25f79000 	C:\Windows\System32\OLEAUT32.dll
0x00007ffbeae60000 - 0x00007ffbeae9b000 	C:\Windows\SYSTEM32\dbgcore.DLL
0x000001e3686b0000 - 0x000001e368758000 	C:\Windows\System32\bcryptPrimitives.dll
0x00007ffc186f0000 - 0x00007ffc18710000 	C:\Program Files\Android\Android Studio\jbr\bin\java.dll

JVMTI agents: none

dbghelp: loaded successfully - version: 4.0.5 - missing functions: none
symbol engine: initialized successfully - sym options: 0x614 - pdb path: .;C:\Program Files\Android\Android Studio\jbr\bin;C:\Windows\SYSTEM32;C:\Windows\WinSxS\amd64_microsoft.windows.common-controls_6595b64144ccf1df_6.0.26100.8328_none_3e08182ce334b678;C:\Program Files\Windhawk\Engine\1.6.1\64;C:\Program Files\Android\Android Studio\jbr\bin\server

VM Arguments:
java_command: org.jetbrains.kotlin.cli.jvm.K2JVMCompiler @C:\Users\supreet\AndroidStudioProjects\vidyavahini\app\build\20260514_15460952702893305665.compiler.options
java_class_path (initial): C:\Users\supreet\.gradle\caches\modules-2\files-2.1\org.jetbrains.kotlin\kotlin-compiler-embeddable\2.2.10\6882d39ef03b18879c1a5d2a83c2212361bed5fe\kotlin-compiler-embeddable-2.2.10.jar;C:\Users\supreet\.gradle\caches\modules-2\files-2.1\org.jetbrains.kotlin\kotlin-stdlib\2.2.10\30de6faa127a4a012db8e71bf1b9c0a99b1402b2\kotlin-stdlib-2.2.10.jar;C:\Users\supreet\.gradle\caches\modules-2\files-2.1\org.jetbrains.kotlin\kotlin-script-runtime\2.2.10\712f9bc08f378c13a4a00f0bbb28c76e59183e83\kotlin-script-runtime-2.2.10.jar;C:\Users\supreet\.gradle\caches\modules-2\files-2.1\org.jetbrains.kotlin\kotlin-reflect\1.6.10\1cbe9c92c12a94eea200d23c2bbaedaf3daf5132\kotlin-reflect-1.6.10.jar;C:\Users\supreet\.gradle\caches\modules-2\files-2.1\org.jetbrains.kotlin\kotlin-daemon-embeddable\2.2.10\212fd3c2c6e4e5d0f4db3c4191233e2b622380cc\kotlin-daemon-embeddable-2.2.10.jar;C:\Users\supreet\.gradle\caches\modules-2\files-2.1\org.jetbrains.kotlinx\kotlinx-coroutines-core-jvm\1.8.0\ac1dc37a30a93150b704022f8d895ee1bd3a36b3\kotlinx-coroutines-core-jvm-1.8.0.jar;C:\Users\supreet\.gradle\caches\modules-2\files-2.1\org.jetbrains\annotations\13.0\919f0dfe192fb4e063e7dacadee7f8bb9a2672a9\annotations-13.0.jar
Launcher Type: SUN_STANDARD

[Global flags]
     intx CICompilerCount                          = 12                                        {product} {ergonomic}
     uint ConcGCThreads                            = 3                                         {product} {ergonomic}
     uint G1ConcRefinementThreads                  = 13                                        {product} {ergonomic}
   size_t G1HeapRegionSize                         = 4194304                                   {product} {ergonomic}
    uintx GCDrainStackTargetSize                   = 64                                        {product} {ergonomic}
   size_t InitialHeapSize                          = 398458880                                 {product} {ergonomic}
   size_t MarkStackSize                            = 4194304                                   {product} {ergonomic}
   size_t MaxHeapSize                              = 6366953472                                {product} {ergonomic}
   size_t MinHeapDeltaBytes                        = 4194304                                   {product} {ergonomic}
   size_t MinHeapSize                              = 8388608                                   {product} {ergonomic}
    uintx NonNMethodCodeHeapSize                   = 7602480                                {pd product} {ergonomic}
    uintx NonProfiledCodeHeapSize                  = 122027880                              {pd product} {ergonomic}
    uintx ProfiledCodeHeapSize                     = 122027880                              {pd product} {ergonomic}
    uintx ReservedCodeCacheSize                    = 251658240                              {pd product} {ergonomic}
     bool SegmentedCodeCache                       = true                                      {product} {ergonomic}
   size_t SoftMaxHeapSize                          = 6366953472                             {manageable} {ergonomic}
     bool UseCompressedOops                        = true                           {product lp64_product} {ergonomic}
     bool UseG1GC                                  = true                                      {product} {ergonomic}
     bool UseLargePagesIndividualAllocation        = false                                  {pd product} {ergonomic}

Logging:
Log output configuration:
 #0: stdout all=warning uptime,level,tags foldmultilines=false
 #1: stderr all=off uptime,level,tags foldmultilines=false

Release file:
<release file has not been read>
Environment Variables:
PATH=C:\Windows\system32;C:\Windows;C:\Windows\System32\Wbem;C:\Windows\System32\WindowsPowerShell\v1.0\;C:\Windows\System32\OpenSSH\;C:\Program Files (x86)\NVIDIA Corporation\PhysX\Common;C:\Program Files\NVIDIA Corporation\NVIDIA NvDLISR;C:\Users\supreet\AppData\Local\Programs\Python\Python313\Scripts\;C:\Users\supreet\AppData\Local\Programs\Python\Python313\;C:\Users\supreet\AppData\Local\Programs\Python\Launcher\;C:\Users\supreet\AppData\Local\Microsoft\WindowsApps;C:\Users\supreet\AppData\Local\Programs\Microsoft VS Code\bin;C:\Users\supreet\AppData\Local\GitHubDesktop\bin;C:\Users\supreet\AppData\Local\Programs\cursor\resources\app\bin;C:\Users\supreet\AppData\Local\Programs\Antigravity\bin
USERNAME=Child Slayer
OS=Windows_NT
PROCESSOR_IDENTIFIER=Intel64 Family 6 Model 183 Stepping 1, GenuineIntel
TMP=C:\Users\supreet\AppData\Local\Temp
TEMP=C:\Users\supreet\AppData\Local\Temp




Periodic native trim disabled

JNI global refs:
JNI global refs: 0, weak refs: 0

JNI global refs memory usage: 0, weak refs: 0

Process memory usage:
Resident Set Size: 14296K (0% of 24866680K total physical memory with 4300248K free physical memory)

OOME stack traces (most recent first):
Classloader memory used:

---------------  S Y S T E M  ---------------

OS:
 Windows 11 , 64 bit Build 26100 (10.0.26100.8328)
OS uptime: 2 days 16:31 hours
Hyper-V role detected

CPU: total 16 (initial active 16) (8 cores per cpu, 2 threads per core) family 6 model 183 stepping 1 microcode 0x12e, cx8, cmov, fxsr, ht, mmx, 3dnowpref, sse, sse2, sse3, ssse3, sse4.1, sse4.2, popcnt, lzcnt, tsc, tscinvbit, avx, avx2, aes, erms, clmul, bmi1, bmi2, adx, sha, fma, vzeroupper, clflush, clflushopt, clwb, hv, serialize, rdtscp, rdpid, fsrm, f16c, cet_ibt, cet_ss
Processor Information for the first 16 processors :
  Max Mhz: 2400, Current Mhz: 2400, Mhz Limit: 2400

Memory: 4k page, system-wide physical 24283M (4199M free)
TotalPageFile size 27251M (AvailPageFile size 253M)
current process WorkingSet (physical memory assigned to process): 13M, peak: 13M
current process commit charge ("private bytes"): 71M, peak: 450M

vm_info: OpenJDK 64-Bit Server VM (21.0.9+-14649483-b1163.86) for windows-amd64 JRE (21.0.9+-14649483-b1163.86), built on 2025-12-30T22:08:35Z by "builder" with MS VC++ 16.10 / 16.11 (VS2019)

END.
